#! /usr/local/bin/vvp
:ivl_version "12.0 (devel)" "(s20150603-1568-gf881baeef)";
:ivl_delay_selection "TYPICAL";
:vpi_time_precision - 12;
:vpi_module "/usr/local/lib/ivl/system.vpi";
:vpi_module "/usr/local/lib/ivl/vhdl_sys.vpi";
:vpi_module "/usr/local/lib/ivl/vhdl_textio.vpi";
:vpi_module "/usr/local/lib/ivl/v2005_math.vpi";
:vpi_module "/usr/local/lib/ivl/va_math.vpi";
:vpi_module "/usr/local/lib/ivl/v2009.vpi";
S_0x5648d954f7d0 .scope package, "$unit" "$unit" 2 1;
 .timescale 0 0;
S_0x5648d94e6df0 .scope module, "rasterize_tb" "rasterize_tb" 3 4;
 .timescale -9 -12;
v0x5648d9572fe0_0 .var "clk", 0 0;
v0x5648d95730a0_0 .var "model_in", 63 0;
v0x5648d9573170_0 .net "pixel_out", 27 0, v0x5648d9571aa0_0;  1 drivers
v0x5648d9573270_0 .var "rst", 0 0;
v0x5648d9573340_0 .var "valid_in", 0 0;
v0x5648d95733e0_0 .net "valid_out", 0 0, v0x5648d9571d00_0;  1 drivers
S_0x5648d94e6f80 .scope begin, "$ivl_for_loop0" "$ivl_for_loop0" 3 49, 3 49 0, S_0x5648d94e6df0;
 .timescale -9 -12;
v0x5648d9523580_0 .var/2s "i", 31 0;
S_0x5648d95702a0 .scope module, "uut" "rasterize" 3 21, 4 12 0, S_0x5648d94e6df0;
 .timescale -9 -12;
    .port_info 0 /INPUT 1 "clk";
    .port_info 1 /INPUT 1 "rst";
    .port_info 2 /INPUT 1 "valid_in";
    .port_info 3 /INPUT 64 "model_in";
    .port_info 4 /OUTPUT 1 "valid";
    .port_info 5 /OUTPUT 28 "pixel_out";
P_0x5648d954cee0 .param/l "RASTERIZE" 1 4 22, +C4<00000000000000000000000000000001>;
P_0x5648d954cf20 .param/l "WAITING" 1 4 21, +C4<00000000000000000000000000000000>;
v0x5648d9570a00 .array/s "E1", 0 2, 6 0;
v0x5648d9570b60 .array/s "E2", 0 2, 6 0;
v0x5648d9570ca0 .array/s "E3", 0 2, 6 0;
v0x5648d9570df0 .array/s "E_1", 0 2, 6 0;
v0x5648d9570f30 .array/s "E_2", 0 2, 6 0;
v0x5648d95710c0 .array/s "E_3", 0 2, 6 0;
v0x5648d9571200_0 .var/s "area", 8 0;
v0x5648d95712e0_0 .var/s "check_1", 15 0;
v0x5648d95713c0_0 .var/s "check_2", 15 0;
v0x5648d95714a0_0 .var/s "check_3", 15 0;
v0x5648d9571580_0 .net "clk", 0 0, v0x5648d9572fe0_0;  1 drivers
v0x5648d9571640_0 .var "color", 9 0;
v0x5648d9571720_0 .var "e1a", 6 0;
v0x5648d9571800_0 .var "e1b", 6 0;
v0x5648d95718e0_0 .var "e1c", 6 0;
v0x5648d95719c0_0 .net "model_in", 63 0, v0x5648d95730a0_0;  1 drivers
v0x5648d9571aa0_0 .var "pixel_out", 27 0;
v0x5648d9571b80_0 .net "rst", 0 0, v0x5648d9573270_0;  1 drivers
v0x5648d9571c40_0 .var "state", 0 0;
v0x5648d9571d00_0 .var "valid", 0 0;
v0x5648d9571dc0_0 .net "valid_in", 0 0, v0x5648d9573340_0;  1 drivers
v0x5648d9571e80_0 .var "x", 5 0;
v0x5648d9571f60_0 .var/s "x_1", 5 0;
v0x5648d9572040_0 .var/s "x_2", 5 0;
v0x5648d9572120_0 .var/s "x_3", 5 0;
v0x5648d9572200_0 .var/s "x_curr", 5 0;
v0x5648d95722e0_0 .var/s "x_max", 5 0;
v0x5648d95723c0_0 .var/s "x_min", 5 0;
v0x5648d95724a0_0 .var/s "xmax", 5 0;
v0x5648d9572580_0 .var/s "xmin", 5 0;
v0x5648d9572660_0 .var "y", 5 0;
v0x5648d9572740_0 .var/s "y_1", 5 0;
v0x5648d9572820_0 .var/s "y_2", 5 0;
v0x5648d9572900_0 .var/s "y_3", 5 0;
v0x5648d95729e0_0 .var/s "y_curr", 5 0;
v0x5648d9572ac0_0 .var/s "y_max", 5 0;
v0x5648d9572ba0_0 .var/s "y_min", 5 0;
v0x5648d9572c80_0 .var/s "ymax", 5 0;
v0x5648d9572d60_0 .var/s "ymin", 5 0;
v0x5648d9572e40_0 .var "z", 5 0;
E_0x5648d953a5e0 .event posedge, v0x5648d9571580_0;
E_0x5648d953a270 .event anyedge, v0x5648d9572200_0, v0x5648d95729e0_0;
v0x5648d9570a00_0 .array/port v0x5648d9570a00, 0;
v0x5648d9570a00_1 .array/port v0x5648d9570a00, 1;
v0x5648d9570a00_2 .array/port v0x5648d9570a00, 2;
E_0x5648d953a950/0 .event anyedge, v0x5648d9570a00_0, v0x5648d9570a00_1, v0x5648d9570a00_2, v0x5648d9572200_0;
v0x5648d9570b60_0 .array/port v0x5648d9570b60, 0;
v0x5648d9570b60_1 .array/port v0x5648d9570b60, 1;
v0x5648d9570b60_2 .array/port v0x5648d9570b60, 2;
E_0x5648d953a950/1 .event anyedge, v0x5648d95729e0_0, v0x5648d9570b60_0, v0x5648d9570b60_1, v0x5648d9570b60_2;
v0x5648d9570ca0_0 .array/port v0x5648d9570ca0, 0;
v0x5648d9570ca0_1 .array/port v0x5648d9570ca0, 1;
v0x5648d9570ca0_2 .array/port v0x5648d9570ca0, 2;
E_0x5648d953a950/2 .event anyedge, v0x5648d9570ca0_0, v0x5648d9570ca0_1, v0x5648d9570ca0_2;
E_0x5648d953a950 .event/or E_0x5648d953a950/0, E_0x5648d953a950/1, E_0x5648d953a950/2;
E_0x5648d9524ce0/0 .event anyedge, v0x5648d95719c0_0, v0x5648d95719c0_0, v0x5648d95719c0_0, v0x5648d95719c0_0;
E_0x5648d9524ce0/1 .event anyedge, v0x5648d95719c0_0, v0x5648d95719c0_0;
E_0x5648d9524ce0 .event/or E_0x5648d9524ce0/0, E_0x5648d9524ce0/1;
S_0x5648d9570720 .scope begin, "$ivl_for_loop1" "$ivl_for_loop1" 4 118, 4 118 0, S_0x5648d95702a0;
 .timescale -9 -12;
v0x5648d9570900_0 .var/2s "i", 31 0;
    .scope S_0x5648d95702a0;
T_0 ;
Ewait_0 .event/or E_0x5648d9524ce0, E_0x0;
    %wait Ewait_0;
    %load/vec4 v0x5648d95719c0_0;
    %parti/s 6, 58, 7;
    %store/vec4 v0x5648d9571f60_0, 0, 6;
    %load/vec4 v0x5648d95719c0_0;
    %parti/s 6, 40, 7;
    %store/vec4 v0x5648d9572040_0, 0, 6;
    %load/vec4 v0x5648d95719c0_0;
    %parti/s 6, 22, 6;
    %store/vec4 v0x5648d9572120_0, 0, 6;
    %load/vec4 v0x5648d95719c0_0;
    %parti/s 6, 52, 7;
    %store/vec4 v0x5648d9572740_0, 0, 6;
    %load/vec4 v0x5648d95719c0_0;
    %parti/s 6, 34, 7;
    %store/vec4 v0x5648d9572820_0, 0, 6;
    %load/vec4 v0x5648d95719c0_0;
    %parti/s 6, 16, 6;
    %store/vec4 v0x5648d9572900_0, 0, 6;
    %load/vec4 v0x5648d9572040_0;
    %load/vec4 v0x5648d9571f60_0;
    %cmp/s;
    %flag_mov 8, 5;
    %jmp/0 T_0.0, 8;
    %load/vec4 v0x5648d9572120_0;
    %load/vec4 v0x5648d9572040_0;
    %cmp/s;
    %flag_mov 9, 5;
    %jmp/0 T_0.2, 9;
    %load/vec4 v0x5648d9572120_0;
    %jmp/1 T_0.3, 9;
T_0.2 ; End of true expr.
    %load/vec4 v0x5648d9571f60_0;
    %jmp/0 T_0.3, 9;
 ; End of false expr.
    %blend;
T_0.3;
    %jmp/1 T_0.1, 8;
T_0.0 ; End of true expr.
    %load/vec4 v0x5648d9572120_0;
    %load/vec4 v0x5648d9571f60_0;
    %cmp/s;
    %flag_mov 9, 5;
    %jmp/0 T_0.4, 9;
    %load/vec4 v0x5648d9572040_0;
    %jmp/1 T_0.5, 9;
T_0.4 ; End of true expr.
    %load/vec4 v0x5648d9571f60_0;
    %jmp/0 T_0.5, 9;
 ; End of false expr.
    %blend;
T_0.5;
    %jmp/0 T_0.1, 8;
 ; End of false expr.
    %blend;
T_0.1;
    %store/vec4 v0x5648d95723c0_0, 0, 6;
    %load/vec4 v0x5648d9572820_0;
    %load/vec4 v0x5648d9572740_0;
    %cmp/s;
    %flag_mov 8, 5;
    %jmp/0 T_0.6, 8;
    %load/vec4 v0x5648d9572900_0;
    %load/vec4 v0x5648d9572820_0;
    %cmp/s;
    %flag_mov 9, 5;
    %jmp/0 T_0.8, 9;
    %load/vec4 v0x5648d9572900_0;
    %jmp/1 T_0.9, 9;
T_0.8 ; End of true expr.
    %load/vec4 v0x5648d9572740_0;
    %jmp/0 T_0.9, 9;
 ; End of false expr.
    %blend;
T_0.9;
    %jmp/1 T_0.7, 8;
T_0.6 ; End of true expr.
    %load/vec4 v0x5648d9572900_0;
    %load/vec4 v0x5648d9572740_0;
    %cmp/s;
    %flag_mov 9, 5;
    %jmp/0 T_0.10, 9;
    %load/vec4 v0x5648d9572820_0;
    %jmp/1 T_0.11, 9;
T_0.10 ; End of true expr.
    %load/vec4 v0x5648d9572900_0;
    %jmp/0 T_0.11, 9;
 ; End of false expr.
    %blend;
T_0.11;
    %jmp/0 T_0.7, 8;
 ; End of false expr.
    %blend;
T_0.7;
    %store/vec4 v0x5648d9572ba0_0, 0, 6;
    %load/vec4 v0x5648d9572040_0;
    %load/vec4 v0x5648d9571f60_0;
    %cmp/s;
    %flag_mov 8, 5;
    %jmp/0 T_0.12, 8;
    %load/vec4 v0x5648d9572120_0;
    %load/vec4 v0x5648d9571f60_0;
    %cmp/s;
    %flag_mov 9, 5;
    %jmp/0 T_0.14, 9;
    %load/vec4 v0x5648d9571f60_0;
    %jmp/1 T_0.15, 9;
T_0.14 ; End of true expr.
    %load/vec4 v0x5648d9572120_0;
    %jmp/0 T_0.15, 9;
 ; End of false expr.
    %blend;
T_0.15;
    %jmp/1 T_0.13, 8;
T_0.12 ; End of true expr.
    %load/vec4 v0x5648d9572120_0;
    %load/vec4 v0x5648d9572040_0;
    %cmp/s;
    %flag_mov 9, 5;
    %jmp/0 T_0.16, 9;
    %load/vec4 v0x5648d9572040_0;
    %jmp/1 T_0.17, 9;
T_0.16 ; End of true expr.
    %load/vec4 v0x5648d9572120_0;
    %jmp/0 T_0.17, 9;
 ; End of false expr.
    %blend;
T_0.17;
    %jmp/0 T_0.13, 8;
 ; End of false expr.
    %blend;
T_0.13;
    %store/vec4 v0x5648d95722e0_0, 0, 6;
    %load/vec4 v0x5648d9572820_0;
    %load/vec4 v0x5648d9572740_0;
    %cmp/s;
    %flag_mov 8, 5;
    %jmp/0 T_0.18, 8;
    %load/vec4 v0x5648d9572900_0;
    %load/vec4 v0x5648d9572740_0;
    %cmp/s;
    %flag_mov 9, 5;
    %jmp/0 T_0.20, 9;
    %load/vec4 v0x5648d9572740_0;
    %jmp/1 T_0.21, 9;
T_0.20 ; End of true expr.
    %load/vec4 v0x5648d9572900_0;
    %jmp/0 T_0.21, 9;
 ; End of false expr.
    %blend;
T_0.21;
    %jmp/1 T_0.19, 8;
T_0.18 ; End of true expr.
    %load/vec4 v0x5648d9572900_0;
    %load/vec4 v0x5648d9572820_0;
    %cmp/s;
    %flag_mov 9, 5;
    %jmp/0 T_0.22, 9;
    %load/vec4 v0x5648d9572820_0;
    %jmp/1 T_0.23, 9;
T_0.22 ; End of true expr.
    %load/vec4 v0x5648d9572900_0;
    %jmp/0 T_0.23, 9;
 ; End of false expr.
    %blend;
T_0.23;
    %jmp/0 T_0.19, 8;
 ; End of false expr.
    %blend;
T_0.19;
    %store/vec4 v0x5648d9572ac0_0, 0, 6;
    %load/vec4 v0x5648d95719c0_0;
    %parti/s 6, 52, 7;
    %pad/s 7;
    %load/vec4 v0x5648d95719c0_0;
    %parti/s 6, 34, 7;
    %pad/s 7;
    %sub;
    %ix/load 4, 0, 0;
    %flag_set/imm 4, 0;
    %store/vec4a v0x5648d9570df0, 4, 0;
    %load/vec4 v0x5648d95719c0_0;
    %parti/s 6, 40, 7;
    %pad/s 7;
    %load/vec4 v0x5648d95719c0_0;
    %parti/s 6, 58, 7;
    %pad/s 7;
    %sub;
    %ix/load 4, 1, 0;
    %flag_set/imm 4, 0;
    %store/vec4a v0x5648d9570df0, 4, 0;
    %load/vec4 v0x5648d95719c0_0;
    %parti/s 6, 58, 7;
    %pad/s 7;
    %load/vec4 v0x5648d95719c0_0;
    %parti/s 6, 34, 7;
    %pad/s 7;
    %mul;
    %load/vec4 v0x5648d95719c0_0;
    %parti/s 6, 40, 7;
    %pad/s 7;
    %load/vec4 v0x5648d95719c0_0;
    %parti/s 6, 52, 7;
    %pad/s 7;
    %mul;
    %sub;
    %ix/load 4, 2, 0;
    %flag_set/imm 4, 0;
    %store/vec4a v0x5648d9570df0, 4, 0;
    %load/vec4 v0x5648d95719c0_0;
    %parti/s 6, 34, 7;
    %pad/s 7;
    %load/vec4 v0x5648d95719c0_0;
    %parti/s 6, 16, 6;
    %pad/s 7;
    %sub;
    %ix/load 4, 0, 0;
    %flag_set/imm 4, 0;
    %store/vec4a v0x5648d9570f30, 4, 0;
    %load/vec4 v0x5648d95719c0_0;
    %parti/s 6, 22, 6;
    %pad/s 7;
    %load/vec4 v0x5648d95719c0_0;
    %parti/s 6, 40, 7;
    %pad/s 7;
    %sub;
    %ix/load 4, 1, 0;
    %flag_set/imm 4, 0;
    %store/vec4a v0x5648d9570f30, 4, 0;
    %load/vec4 v0x5648d95719c0_0;
    %parti/s 6, 40, 7;
    %pad/s 7;
    %load/vec4 v0x5648d95719c0_0;
    %parti/s 6, 16, 6;
    %pad/s 7;
    %mul;
    %load/vec4 v0x5648d95719c0_0;
    %parti/s 6, 22, 6;
    %pad/s 7;
    %load/vec4 v0x5648d95719c0_0;
    %parti/s 6, 34, 7;
    %pad/s 7;
    %mul;
    %sub;
    %ix/load 4, 2, 0;
    %flag_set/imm 4, 0;
    %store/vec4a v0x5648d9570f30, 4, 0;
    %load/vec4 v0x5648d95719c0_0;
    %parti/s 6, 16, 6;
    %pad/s 7;
    %load/vec4 v0x5648d95719c0_0;
    %parti/s 6, 52, 7;
    %pad/s 7;
    %sub;
    %ix/load 4, 0, 0;
    %flag_set/imm 4, 0;
    %store/vec4a v0x5648d95710c0, 4, 0;
    %load/vec4 v0x5648d95719c0_0;
    %parti/s 6, 58, 7;
    %pad/s 7;
    %load/vec4 v0x5648d95719c0_0;
    %parti/s 6, 22, 6;
    %pad/s 7;
    %sub;
    %ix/load 4, 1, 0;
    %flag_set/imm 4, 0;
    %store/vec4a v0x5648d95710c0, 4, 0;
    %load/vec4 v0x5648d95719c0_0;
    %parti/s 6, 22, 6;
    %pad/s 7;
    %load/vec4 v0x5648d95719c0_0;
    %parti/s 6, 52, 7;
    %pad/s 7;
    %mul;
    %load/vec4 v0x5648d95719c0_0;
    %parti/s 6, 58, 7;
    %pad/s 7;
    %load/vec4 v0x5648d95719c0_0;
    %parti/s 6, 16, 6;
    %pad/s 7;
    %mul;
    %sub;
    %ix/load 4, 2, 0;
    %flag_set/imm 4, 0;
    %store/vec4a v0x5648d95710c0, 4, 0;
    %ix/load 4, 2, 0;
    %flag_set/imm 4, 0;
    %load/vec4a v0x5648d9570df0, 4;
    %pad/s 9;
    %ix/load 4, 2, 0;
    %flag_set/imm 4, 0;
    %load/vec4a v0x5648d9570f30, 4;
    %pad/s 9;
    %add;
    %ix/load 4, 2, 0;
    %flag_set/imm 4, 0;
    %load/vec4a v0x5648d95710c0, 4;
    %pad/s 9;
    %add;
    %store/vec4 v0x5648d9571200_0, 0, 9;
    %jmp T_0;
    .thread T_0, $push;
    .scope S_0x5648d95702a0;
T_1 ;
Ewait_1 .event/or E_0x5648d953a950, E_0x0;
    %wait Ewait_1;
    %ix/load 4, 0, 0;
    %flag_set/imm 4, 0;
    %load/vec4a v0x5648d9570a00, 4;
    %store/vec4 v0x5648d9571720_0, 0, 7;
    %ix/load 4, 1, 0;
    %flag_set/imm 4, 0;
    %load/vec4a v0x5648d9570a00, 4;
    %store/vec4 v0x5648d9571800_0, 0, 7;
    %ix/load 4, 2, 0;
    %flag_set/imm 4, 0;
    %load/vec4a v0x5648d9570a00, 4;
    %store/vec4 v0x5648d95718e0_0, 0, 7;
    %ix/load 4, 0, 0;
    %flag_set/imm 4, 0;
    %load/vec4a v0x5648d9570a00, 4;
    %pad/s 16;
    %load/vec4 v0x5648d9572200_0;
    %pad/s 16;
    %mul;
    %ix/load 4, 1, 0;
    %flag_set/imm 4, 0;
    %load/vec4a v0x5648d9570a00, 4;
    %pad/s 16;
    %load/vec4 v0x5648d95729e0_0;
    %pad/s 16;
    %mul;
    %add;
    %ix/load 4, 2, 0;
    %flag_set/imm 4, 0;
    %load/vec4a v0x5648d9570a00, 4;
    %pad/s 16;
    %add;
    %store/vec4 v0x5648d95712e0_0, 0, 16;
    %ix/load 4, 0, 0;
    %flag_set/imm 4, 0;
    %load/vec4a v0x5648d9570b60, 4;
    %pad/s 16;
    %load/vec4 v0x5648d9572200_0;
    %pad/s 16;
    %mul;
    %ix/load 4, 1, 0;
    %flag_set/imm 4, 0;
    %load/vec4a v0x5648d9570b60, 4;
    %pad/s 16;
    %load/vec4 v0x5648d95729e0_0;
    %pad/s 16;
    %mul;
    %add;
    %ix/load 4, 2, 0;
    %flag_set/imm 4, 0;
    %load/vec4a v0x5648d9570b60, 4;
    %pad/s 16;
    %add;
    %store/vec4 v0x5648d95713c0_0, 0, 16;
    %ix/load 4, 0, 0;
    %flag_set/imm 4, 0;
    %load/vec4a v0x5648d9570ca0, 4;
    %pad/s 16;
    %load/vec4 v0x5648d9572200_0;
    %pad/s 16;
    %mul;
    %ix/load 4, 1, 0;
    %flag_set/imm 4, 0;
    %load/vec4a v0x5648d9570ca0, 4;
    %pad/s 16;
    %load/vec4 v0x5648d95729e0_0;
    %pad/s 16;
    %mul;
    %add;
    %ix/load 4, 2, 0;
    %flag_set/imm 4, 0;
    %load/vec4a v0x5648d9570ca0, 4;
    %pad/s 16;
    %add;
    %store/vec4 v0x5648d95714a0_0, 0, 16;
    %jmp T_1;
    .thread T_1, $push;
    .scope S_0x5648d95702a0;
T_2 ;
Ewait_2 .event/or E_0x5648d953a270, E_0x0;
    %wait Ewait_2;
    %load/vec4 v0x5648d9572200_0;
    %pad/s 7;
    %addi 32, 0, 7;
    %pad/s 6;
    %store/vec4 v0x5648d9571e80_0, 0, 6;
    %load/vec4 v0x5648d95729e0_0;
    %pad/s 7;
    %addi 32, 0, 7;
    %pad/s 6;
    %store/vec4 v0x5648d9572660_0, 0, 6;
    %jmp T_2;
    .thread T_2, $push;
    .scope S_0x5648d95702a0;
T_3 ;
    %wait E_0x5648d953a5e0;
    %load/vec4 v0x5648d9571b80_0;
    %flag_set/vec4 8;
    %jmp/0xz  T_3.0, 8;
    %pushi/vec4 0, 0, 1;
    %assign/vec4 v0x5648d9571c40_0, 0;
    %pushi/vec4 0, 0, 1;
    %assign/vec4 v0x5648d9571d00_0, 0;
    %pushi/vec4 0, 0, 6;
    %assign/vec4 v0x5648d9572200_0, 0;
    %pushi/vec4 0, 0, 6;
    %assign/vec4 v0x5648d95729e0_0, 0;
    %pushi/vec4 0, 0, 6;
    %assign/vec4 v0x5648d9572580_0, 0;
    %pushi/vec4 0, 0, 6;
    %assign/vec4 v0x5648d95724a0_0, 0;
    %pushi/vec4 0, 0, 6;
    %assign/vec4 v0x5648d9572d60_0, 0;
    %pushi/vec4 0, 0, 6;
    %assign/vec4 v0x5648d9572c80_0, 0;
    %pushi/vec4 0, 0, 10;
    %assign/vec4 v0x5648d9571640_0, 0;
    %pushi/vec4 0, 0, 6;
    %assign/vec4 v0x5648d9572e40_0, 0;
    %fork t_1, S_0x5648d9570720;
    %jmp t_0;
    .scope S_0x5648d9570720;
t_1 ;
    %pushi/vec4 0, 0, 32;
    %store/vec4 v0x5648d9570900_0, 0, 32;
T_3.2 ;
    %load/vec4 v0x5648d9570900_0;
    %cmpi/s 3, 0, 32;
    %jmp/0xz T_3.3, 5;
    %pushi/vec4 0, 0, 7;
    %ix/getv/s 3, v0x5648d9570900_0;
    %ix/load 4, 0, 0; Constant delay
    %assign/vec4/a/d v0x5648d9570a00, 0, 4;
    %pushi/vec4 0, 0, 7;
    %ix/getv/s 3, v0x5648d9570900_0;
    %ix/load 4, 0, 0; Constant delay
    %assign/vec4/a/d v0x5648d9570b60, 0, 4;
    %pushi/vec4 0, 0, 7;
    %ix/getv/s 3, v0x5648d9570900_0;
    %ix/load 4, 0, 0; Constant delay
    %assign/vec4/a/d v0x5648d9570ca0, 0, 4;
    %load/vec4 v0x5648d9570900_0;
    %addi 1, 0, 32;
    %cast2;
    %store/vec4 v0x5648d9570900_0, 0, 32;
    %jmp T_3.2;
T_3.3 ;
    %end;
    .scope S_0x5648d95702a0;
t_0 %join;
    %jmp T_3.1;
T_3.0 ;
    %load/vec4 v0x5648d9571c40_0;
    %dup/vec4;
    %pushi/vec4 0, 0, 1;
    %cmp/u;
    %jmp/1 T_3.4, 6;
    %dup/vec4;
    %pushi/vec4 1, 0, 1;
    %cmp/u;
    %jmp/1 T_3.5, 6;
    %pushi/vec4 0, 0, 1;
    %assign/vec4 v0x5648d9571c40_0, 0;
    %jmp T_3.7;
T_3.4 ;
    %load/vec4 v0x5648d9571dc0_0;
    %flag_set/vec4 8;
    %jmp/0xz  T_3.8, 8;
    %load/vec4 v0x5648d9571200_0;
    %pad/s 32;
    %cmpi/e 0, 0, 32;
    %jmp/0xz  T_3.10, 4;
    %pushi/vec4 0, 0, 1;
    %assign/vec4 v0x5648d9571c40_0, 0;
    %jmp T_3.11;
T_3.10 ;
    %load/vec4 v0x5648d9571200_0;
    %pad/s 32;
    %cmpi/s 0, 0, 32;
    %jmp/0xz  T_3.12, 5;
    %ix/load 4, 0, 0;
    %flag_set/imm 4, 0;
    %load/vec4a v0x5648d9570df0, 4;
    %inv;
    %addi 1, 0, 7;
    %ix/load 3, 0, 0;
    %flag_set/imm 4, 0;
    %ix/load 4, 0, 0; Constant delay
    %assign/vec4/a/d v0x5648d9570a00, 0, 4;
    %ix/load 4, 1, 0;
    %flag_set/imm 4, 0;
    %load/vec4a v0x5648d9570df0, 4;
    %inv;
    %addi 1, 0, 7;
    %ix/load 3, 1, 0;
    %flag_set/imm 4, 0;
    %ix/load 4, 0, 0; Constant delay
    %assign/vec4/a/d v0x5648d9570a00, 0, 4;
    %ix/load 4, 2, 0;
    %flag_set/imm 4, 0;
    %load/vec4a v0x5648d9570df0, 4;
    %inv;
    %addi 1, 0, 7;
    %ix/load 3, 2, 0;
    %flag_set/imm 4, 0;
    %ix/load 4, 0, 0; Constant delay
    %assign/vec4/a/d v0x5648d9570a00, 0, 4;
    %ix/load 4, 0, 0;
    %flag_set/imm 4, 0;
    %load/vec4a v0x5648d9570f30, 4;
    %inv;
    %addi 1, 0, 7;
    %ix/load 3, 0, 0;
    %flag_set/imm 4, 0;
    %ix/load 4, 0, 0; Constant delay
    %assign/vec4/a/d v0x5648d9570b60, 0, 4;
    %ix/load 4, 1, 0;
    %flag_set/imm 4, 0;
    %load/vec4a v0x5648d9570f30, 4;
    %inv;
    %addi 1, 0, 7;
    %ix/load 3, 1, 0;
    %flag_set/imm 4, 0;
    %ix/load 4, 0, 0; Constant delay
    %assign/vec4/a/d v0x5648d9570b60, 0, 4;
    %ix/load 4, 2, 0;
    %flag_set/imm 4, 0;
    %load/vec4a v0x5648d9570f30, 4;
    %inv;
    %addi 1, 0, 7;
    %ix/load 3, 2, 0;
    %flag_set/imm 4, 0;
    %ix/load 4, 0, 0; Constant delay
    %assign/vec4/a/d v0x5648d9570b60, 0, 4;
    %ix/load 4, 0, 0;
    %flag_set/imm 4, 0;
    %load/vec4a v0x5648d95710c0, 4;
    %inv;
    %addi 1, 0, 7;
    %ix/load 3, 0, 0;
    %flag_set/imm 4, 0;
    %ix/load 4, 0, 0; Constant delay
    %assign/vec4/a/d v0x5648d9570ca0, 0, 4;
    %ix/load 4, 1, 0;
    %flag_set/imm 4, 0;
    %load/vec4a v0x5648d95710c0, 4;
    %inv;
    %addi 1, 0, 7;
    %ix/load 3, 1, 0;
    %flag_set/imm 4, 0;
    %ix/load 4, 0, 0; Constant delay
    %assign/vec4/a/d v0x5648d9570ca0, 0, 4;
    %ix/load 4, 2, 0;
    %flag_set/imm 4, 0;
    %load/vec4a v0x5648d95710c0, 4;
    %inv;
    %addi 1, 0, 7;
    %ix/load 3, 2, 0;
    %flag_set/imm 4, 0;
    %ix/load 4, 0, 0; Constant delay
    %assign/vec4/a/d v0x5648d9570ca0, 0, 4;
    %pushi/vec4 1, 0, 1;
    %assign/vec4 v0x5648d9571c40_0, 0;
    %jmp T_3.13;
T_3.12 ;
    %ix/load 4, 0, 0;
    %flag_set/imm 4, 0;
    %load/vec4a v0x5648d9570df0, 4;
    %ix/load 3, 0, 0;
    %flag_set/imm 4, 0;
    %ix/load 4, 0, 0; Constant delay
    %assign/vec4/a/d v0x5648d9570a00, 0, 4;
    %ix/load 4, 1, 0;
    %flag_set/imm 4, 0;
    %load/vec4a v0x5648d9570df0, 4;
    %ix/load 3, 1, 0;
    %flag_set/imm 4, 0;
    %ix/load 4, 0, 0; Constant delay
    %assign/vec4/a/d v0x5648d9570a00, 0, 4;
    %ix/load 4, 2, 0;
    %flag_set/imm 4, 0;
    %load/vec4a v0x5648d9570df0, 4;
    %ix/load 3, 2, 0;
    %flag_set/imm 4, 0;
    %ix/load 4, 0, 0; Constant delay
    %assign/vec4/a/d v0x5648d9570a00, 0, 4;
    %ix/load 4, 0, 0;
    %flag_set/imm 4, 0;
    %load/vec4a v0x5648d9570f30, 4;
    %ix/load 3, 0, 0;
    %flag_set/imm 4, 0;
    %ix/load 4, 0, 0; Constant delay
    %assign/vec4/a/d v0x5648d9570b60, 0, 4;
    %ix/load 4, 1, 0;
    %flag_set/imm 4, 0;
    %load/vec4a v0x5648d9570f30, 4;
    %ix/load 3, 1, 0;
    %flag_set/imm 4, 0;
    %ix/load 4, 0, 0; Constant delay
    %assign/vec4/a/d v0x5648d9570b60, 0, 4;
    %ix/load 4, 2, 0;
    %flag_set/imm 4, 0;
    %load/vec4a v0x5648d9570f30, 4;
    %ix/load 3, 2, 0;
    %flag_set/imm 4, 0;
    %ix/load 4, 0, 0; Constant delay
    %assign/vec4/a/d v0x5648d9570b60, 0, 4;
    %ix/load 4, 0, 0;
    %flag_set/imm 4, 0;
    %load/vec4a v0x5648d95710c0, 4;
    %ix/load 3, 0, 0;
    %flag_set/imm 4, 0;
    %ix/load 4, 0, 0; Constant delay
    %assign/vec4/a/d v0x5648d9570ca0, 0, 4;
    %ix/load 4, 1, 0;
    %flag_set/imm 4, 0;
    %load/vec4a v0x5648d95710c0, 4;
    %ix/load 3, 1, 0;
    %flag_set/imm 4, 0;
    %ix/load 4, 0, 0; Constant delay
    %assign/vec4/a/d v0x5648d9570ca0, 0, 4;
    %ix/load 4, 2, 0;
    %flag_set/imm 4, 0;
    %load/vec4a v0x5648d95710c0, 4;
    %ix/load 3, 2, 0;
    %flag_set/imm 4, 0;
    %ix/load 4, 0, 0; Constant delay
    %assign/vec4/a/d v0x5648d9570ca0, 0, 4;
    %pushi/vec4 1, 0, 1;
    %assign/vec4 v0x5648d9571c40_0, 0;
T_3.13 ;
T_3.11 ;
    %load/vec4 v0x5648d95723c0_0;
    %assign/vec4 v0x5648d9572200_0, 0;
    %load/vec4 v0x5648d9572ba0_0;
    %assign/vec4 v0x5648d95729e0_0, 0;
    %load/vec4 v0x5648d95723c0_0;
    %assign/vec4 v0x5648d9572580_0, 0;
    %load/vec4 v0x5648d95722e0_0;
    %assign/vec4 v0x5648d95724a0_0, 0;
    %load/vec4 v0x5648d9572ba0_0;
    %assign/vec4 v0x5648d9572d60_0, 0;
    %load/vec4 v0x5648d9572ac0_0;
    %assign/vec4 v0x5648d9572c80_0, 0;
    %load/vec4 v0x5648d95719c0_0;
    %parti/s 6, 46, 7;
    %assign/vec4 v0x5648d9572e40_0, 0;
    %load/vec4 v0x5648d95719c0_0;
    %parti/s 10, 0, 2;
    %assign/vec4 v0x5648d9571640_0, 0;
T_3.8 ;
    %pushi/vec4 0, 0, 1;
    %assign/vec4 v0x5648d9571d00_0, 0;
    %jmp T_3.7;
T_3.5 ;
    %load/vec4 v0x5648d95712e0_0;
    %pad/s 32;
    %cmpi/s 0, 0, 32;
    %flag_inv 5; GE is !LT
    %flag_get/vec4 5;
    %jmp/0 T_3.17, 5;
    %pushi/vec4 0, 0, 32;
    %load/vec4 v0x5648d95713c0_0;
    %pad/s 32;
    %cmp/s;
    %flag_get/vec4 4;
    %flag_get/vec4 5;
    %or;
    %and;
T_3.17;
    %flag_set/vec4 9;
    %flag_get/vec4 9;
    %jmp/0 T_3.16, 9;
    %pushi/vec4 0, 0, 32;
    %load/vec4 v0x5648d95714a0_0;
    %pad/s 32;
    %cmp/s;
    %flag_get/vec4 4;
    %flag_get/vec4 5;
    %or;
    %and;
T_3.16;
    %flag_set/vec4 8;
    %jmp/0xz  T_3.14, 8;
    %pushi/vec4 1, 0, 1;
    %assign/vec4 v0x5648d9571d00_0, 0;
    %load/vec4 v0x5648d9571e80_0;
    %load/vec4 v0x5648d9572660_0;
    %concat/vec4; draw_concat_vec4
    %load/vec4 v0x5648d9572e40_0;
    %concat/vec4; draw_concat_vec4
    %load/vec4 v0x5648d9571640_0;
    %concat/vec4; draw_concat_vec4
    %assign/vec4 v0x5648d9571aa0_0, 0;
    %jmp T_3.15;
T_3.14 ;
    %pushi/vec4 0, 0, 1;
    %assign/vec4 v0x5648d9571d00_0, 0;
T_3.15 ;
    %load/vec4 v0x5648d9572200_0;
    %load/vec4 v0x5648d95724a0_0;
    %cmp/e;
    %flag_get/vec4 4;
    %jmp/0 T_3.20, 4;
    %load/vec4 v0x5648d95729e0_0;
    %load/vec4 v0x5648d9572c80_0;
    %cmp/e;
    %flag_get/vec4 4;
    %and;
T_3.20;
    %flag_set/vec4 8;
    %jmp/0xz  T_3.18, 8;
    %pushi/vec4 0, 0, 1;
    %assign/vec4 v0x5648d9571c40_0, 0;
    %jmp T_3.19;
T_3.18 ;
    %load/vec4 v0x5648d9572200_0;
    %load/vec4 v0x5648d95724a0_0;
    %cmp/e;
    %jmp/0xz  T_3.21, 4;
    %load/vec4 v0x5648d9572580_0;
    %assign/vec4 v0x5648d9572200_0, 0;
    %load/vec4 v0x5648d95729e0_0;
    %addi 1, 0, 6;
    %assign/vec4 v0x5648d95729e0_0, 0;
    %jmp T_3.22;
T_3.21 ;
    %load/vec4 v0x5648d9572200_0;
    %addi 1, 0, 6;
    %assign/vec4 v0x5648d9572200_0, 0;
T_3.22 ;
T_3.19 ;
    %jmp T_3.7;
T_3.7 ;
    %pop/vec4 1;
T_3.1 ;
    %jmp T_3;
    .thread T_3;
    .scope S_0x5648d94e6df0;
T_4 ;
    %delay 10000, 0;
    %load/vec4 v0x5648d9572fe0_0;
    %nor/r;
    %store/vec4 v0x5648d9572fe0_0, 0, 1;
    %jmp T_4;
    .thread T_4;
    .scope S_0x5648d94e6df0;
T_5 ;
    %vpi_call/w 3 36 "$dumpfile", "rasterize.vcd" {0 0 0};
    %vpi_call/w 3 37 "$dumpvars", 32'sb00000000000000000000000000000000, S_0x5648d94e6df0 {0 0 0};
    %vpi_call/w 3 38 "$display", "Starting Sim" {0 0 0};
    %pushi/vec4 0, 0, 1;
    %store/vec4 v0x5648d9572fe0_0, 0, 1;
    %pushi/vec4 0, 0, 1;
    %store/vec4 v0x5648d9573270_0, 0, 1;
    %delay 20000, 0;
    %pushi/vec4 1, 0, 1;
    %store/vec4 v0x5648d9573270_0, 0, 1;
    %delay 20000, 0;
    %pushi/vec4 0, 0, 1;
    %store/vec4 v0x5648d9573270_0, 0, 1;
    %vpi_call/w 3 46 "$display", "test 1:" {0 0 0};
    %pushi/vec4 1, 0, 1;
    %store/vec4 v0x5648d9573340_0, 0, 1;
    %pushi/vec4 2182627840, 0, 37;
    %concati/vec4 12648451, 0, 27;
    %store/vec4 v0x5648d95730a0_0, 0, 64;
    %fork t_3, S_0x5648d94e6f80;
    %jmp t_2;
    .scope S_0x5648d94e6f80;
t_3 ;
    %pushi/vec4 0, 0, 32;
    %store/vec4 v0x5648d9523580_0, 0, 32;
T_5.0 ;
    %load/vec4 v0x5648d9523580_0;
    %cmpi/s 10, 0, 32;
    %jmp/0xz T_5.1, 5;
    %delay 20000, 0;
    %pushi/vec4 0, 0, 1;
    %store/vec4 v0x5648d9573340_0, 0, 1;
    %vpi_call/w 3 52 "$display", "valid out ", v0x5648d95733e0_0 {0 0 0};
    %vpi_call/w 3 53 "$display", "pixel out ", v0x5648d9573170_0 {0 0 0};
    %load/vec4 v0x5648d9523580_0;
    %addi 1, 0, 32;
    %cast2;
    %store/vec4 v0x5648d9523580_0, 0, 32;
    %jmp T_5.0;
T_5.1 ;
    %end;
    .scope S_0x5648d94e6df0;
t_2 %join;
    %delay 80000, 0;
    %vpi_call/w 3 57 "$display", "finishing sim" {0 0 0};
    %vpi_call/w 3 58 "$finish" {0 0 0};
    %end;
    .thread T_5;
# The file index is used to find the file name in the following table.
:file_names 5;
    "N/A";
    "<interactive>";
    "-";
    "sim/rasterize_tb.sv";
    "src/rasterize.sv";
